Build started 17/03/2016 17:24:06.
     1>Project "D:\Univercity\Compiling\Compilator\Compilator\Compilator\Compilator.vcxproj" on node 2 (Build target(s)).
     1>ClCompile:
         C:\Program Files (x86)\Microsoft Visual Studio 12.0\VC\bin\CL.exe /c /ZI /nologo /W3 /WX- /sdl /Od /Oy- /D WIN32 /D _DEBUG /D _CONSOLE /D _LIB /D _UNICODE /D UNICODE /Gm /EHsc /RTC1 /MDd /GS /fp:precise /Zc:wchar_t /Zc:forScope /Fo"Debug\\" /Fd"Debug\vc120.pdb" /Gd /TC /analyze- /errorReport:prompt LinkedListFunctions.c TokenFunctions.c
         TokenFunctions.c
     1>d:\univercity\compiling\compilator\compilator\compilator\linkedlist.h(11): error C2061: syntax error : identifier 'list_node'
     1>d:\univercity\compiling\compilator\compilator\compilator\linkedlist.h(12): error C2143: syntax error : missing '{' before '*'
     1>d:\univercity\compiling\compilator\compilator\compilator\linkedlist.h(13): error C2059: syntax error : '}'
     1>d:\univercity\compiling\compilator\compilator\compilator\linkedlist.h(17): error C2016: C requires that a struct or union has at least one member
     1>d:\univercity\compiling\compilator\compilator\compilator\linkedlist.h(17): error C2061: syntax error : identifier 'List_node'
     1>d:\univercity\compiling\compilator\compilator\compilator\linkedlist.h(19): error C2143: syntax error : missing '{' before '*'
     1>d:\univercity\compiling\compilator\compilator\compilator\linkedlist.h(20): error C2059: syntax error : '}'
     1>d:\univercity\compiling\compilator\compilator\compilator\linkedlist.h(23): error C2143: syntax error : missing ')' before '*'
     1>d:\univercity\compiling\compilator\compilator\compilator\linkedlist.h(23): error C2143: syntax error : missing '{' before '*'
     1>d:\univercity\compiling\compilator\compilator\compilator\linkedlist.h(23): error C2059: syntax error : ')'
     1>d:\univercity\compiling\compilator\compilator\compilator\linkedlist.h(24): error C2143: syntax error : missing ')' before '*'
     1>d:\univercity\compiling\compilator\compilator\compilator\linkedlist.h(24): error C2143: syntax error : missing '{' before '*'
     1>d:\univercity\compiling\compilator\compilator\compilator\linkedlist.h(24): error C2059: syntax error : 'type'
     1>d:\univercity\compiling\compilator\compilator\compilator\linkedlist.h(24): error C2059: syntax error : ')'
     1>d:\univercity\compiling\compilator\compilator\compilator\linkedlist.h(25): error C2143: syntax error : missing ')' before '*'
     1>d:\univercity\compiling\compilator\compilator\compilator\linkedlist.h(25): error C2143: syntax error : missing '{' before '*'
     1>d:\univercity\compiling\compilator\compilator\compilator\linkedlist.h(25): error C2059: syntax error : ')'
     1>d:\univercity\compiling\compilator\compilator\compilator\linkedlist.h(26): error C2143: syntax error : missing ')' before '*'
     1>d:\univercity\compiling\compilator\compilator\compilator\linkedlist.h(26): error C2143: syntax error : missing '{' before '*'
     1>d:\univercity\compiling\compilator\compilator\compilator\linkedlist.h(26): error C2059: syntax error : 'type'
     1>d:\univercity\compiling\compilator\compilator\compilator\linkedlist.h(26): error C2059: syntax error : ')'
     1>d:\univercity\compiling\compilator\compilator\compilator\token.h(11): error C2143: syntax error : missing ')' before '*'
     1>d:\univercity\compiling\compilator\compilator\compilator\token.h(11): error C2081: 'List' : name in formal parameter list illegal
     1>d:\univercity\compiling\compilator\compilator\compilator\token.h(11): error C2143: syntax error : missing '{' before '*'
     1>d:\univercity\compiling\compilator\compilator\compilator\token.h(11): error C2059: syntax error : ')'
     1>d:\univercity\compiling\compilator\compilator\compilator\token.h(12): error C2143: syntax error : missing ')' before '*'
     1>d:\univercity\compiling\compilator\compilator\compilator\token.h(12): error C2143: syntax error : missing '{' before '*'
     1>d:\univercity\compiling\compilator\compilator\compilator\token.h(12): error C2059: syntax error : 'type'
     1>d:\univercity\compiling\compilator\compilator\compilator\token.h(12): error C2059: syntax error : ')'
     1>d:\univercity\compiling\compilator\compilator\compilator\token.h(13): error C2143: syntax error : missing ')' before '*'
     1>d:\univercity\compiling\compilator\compilator\compilator\token.h(13): error C2143: syntax error : missing '{' before '*'
     1>d:\univercity\compiling\compilator\compilator\compilator\token.h(13): error C2059: syntax error : 'type'
     1>d:\univercity\compiling\compilator\compilator\compilator\token.h(13): error C2059: syntax error : ')'
     1>d:\univercity\compiling\compilator\compilator\compilator\token.h(14): error C2143: syntax error : missing ')' before '*'
     1>d:\univercity\compiling\compilator\compilator\compilator\token.h(14): error C2081: 'List' : name in formal parameter list illegal
     1>d:\univercity\compiling\compilator\compilator\compilator\token.h(14): error C2143: syntax error : missing '{' before '*'
     1>d:\univercity\compiling\compilator\compilator\compilator\token.h(14): error C2059: syntax error : ')'
     1>d:\univercity\compiling\compilator\compilator\compilator\tokenfunctions.c(35): error C2143: syntax error : missing ')' before '*'
     1>d:\univercity\compiling\compilator\compilator\compilator\tokenfunctions.c(35): error C2081: 'List' : name in formal parameter list illegal
     1>d:\univercity\compiling\compilator\compilator\compilator\tokenfunctions.c(35): error C2143: syntax error : missing '{' before '*'
     1>d:\univercity\compiling\compilator\compilator\compilator\tokenfunctions.c(35): error C2059: syntax error : ')'
     1>d:\univercity\compiling\compilator\compilator\compilator\tokenfunctions.c(36): error C2054: expected '(' to follow 'TokensList'
     1>d:\univercity\compiling\compilator\compilator\compilator\tokenfunctions.c(44): error C2143: syntax error : missing ')' before '*'
     1>d:\univercity\compiling\compilator\compilator\compilator\tokenfunctions.c(44): error C2143: syntax error : missing '{' before '*'
     1>d:\univercity\compiling\compilator\compilator\compilator\tokenfunctions.c(44): error C2059: syntax error : 'type'
     1>d:\univercity\compiling\compilator\compilator\compilator\tokenfunctions.c(44): error C2059: syntax error : ')'
     1>d:\univercity\compiling\compilator\compilator\compilator\tokenfunctions.c(60): error C2143: syntax error : missing ')' before '*'
     1>d:\univercity\compiling\compilator\compilator\compilator\tokenfunctions.c(60): error C2143: syntax error : missing '{' before '*'
     1>d:\univercity\compiling\compilator\compilator\compilator\tokenfunctions.c(60): error C2059: syntax error : 'type'
     1>d:\univercity\compiling\compilator\compilator\compilator\tokenfunctions.c(60): error C2059: syntax error : ')'
     1>d:\univercity\compiling\compilator\compilator\compilator\tokenfunctions.c(76): error C2143: syntax error : missing '{' before '*'
     1>d:\univercity\compiling\compilator\compilator\compilator\tokenfunctions.c(76): error C2143: syntax error : missing ')' before '*'
     1>d:\univercity\compiling\compilator\compilator\compilator\tokenfunctions.c(76): error C2059: syntax error : 'type'
     1>d:\univercity\compiling\compilator\compilator\compilator\tokenfunctions.c(76): error C2059: syntax error : ')'
     1>d:\univercity\compiling\compilator\compilator\compilator\tokenfunctions.c(91): error C2143: syntax error : missing ')' before '*'
     1>d:\univercity\compiling\compilator\compilator\compilator\tokenfunctions.c(91): error C2081: 'List' : name in formal parameter list illegal
     1>d:\univercity\compiling\compilator\compilator\compilator\tokenfunctions.c(91): error C2143: syntax error : missing '{' before '*'
     1>d:\univercity\compiling\compilator\compilator\compilator\tokenfunctions.c(91): error C2059: syntax error : ')'
     1>d:\univercity\compiling\compilator\compilator\compilator\tokenfunctions.c(92): error C2054: expected '(' to follow 'TokenList'
         LinkedListFunctions.c
     1>d:\univercity\compiling\compilator\compilator\compilator\linkedlist.h(11): error C2061: syntax error : identifier 'list_node'
     1>d:\univercity\compiling\compilator\compilator\compilator\linkedlist.h(12): error C2143: syntax error : missing '{' before '*'
     1>d:\univercity\compiling\compilator\compilator\compilator\linkedlist.h(13): error C2059: syntax error : '}'
     1>d:\univercity\compiling\compilator\compilator\compilator\linkedlist.h(17): error C2016: C requires that a struct or union has at least one member
     1>d:\univercity\compiling\compilator\compilator\compilator\linkedlist.h(17): error C2061: syntax error : identifier 'List_node'
     1>d:\univercity\compiling\compilator\compilator\compilator\linkedlist.h(19): error C2143: syntax error : missing '{' before '*'
     1>d:\univercity\compiling\compilator\compilator\compilator\linkedlist.h(20): error C2059: syntax error : '}'
     1>d:\univercity\compiling\compilator\compilator\compilator\linkedlist.h(23): error C2143: syntax error : missing ')' before '*'
     1>d:\univercity\compiling\compilator\compilator\compilator\linkedlist.h(23): error C2143: syntax error : missing '{' before '*'
     1>d:\univercity\compiling\compilator\compilator\compilator\linkedlist.h(23): error C2059: syntax error : ')'
     1>d:\univercity\compiling\compilator\compilator\compilator\linkedlist.h(24): error C2143: syntax error : missing ')' before '*'
     1>d:\univercity\compiling\compilator\compilator\compilator\linkedlist.h(24): error C2143: syntax error : missing '{' before '*'
     1>d:\univercity\compiling\compilator\compilator\compilator\linkedlist.h(24): error C2059: syntax error : 'type'
     1>d:\univercity\compiling\compilator\compilator\compilator\linkedlist.h(24): error C2059: syntax error : ')'
     1>d:\univercity\compiling\compilator\compilator\compilator\linkedlist.h(25): error C2143: syntax error : missing ')' before '*'
     1>d:\univercity\compiling\compilator\compilator\compilator\linkedlist.h(25): error C2143: syntax error : missing '{' before '*'
     1>d:\univercity\compiling\compilator\compilator\compilator\linkedlist.h(25): error C2059: syntax error : ')'
     1>d:\univercity\compiling\compilator\compilator\compilator\linkedlist.h(26): error C2143: syntax error : missing ')' before '*'
     1>d:\univercity\compiling\compilator\compilator\compilator\linkedlist.h(26): error C2143: syntax error : missing '{' before '*'
     1>d:\univercity\compiling\compilator\compilator\compilator\linkedlist.h(26): error C2059: syntax error : 'type'
     1>d:\univercity\compiling\compilator\compilator\compilator\linkedlist.h(26): error C2059: syntax error : ')'
     1>d:\univercity\compiling\compilator\compilator\compilator\linkedlistfunctions.c(5): error C2065: 'List' : undeclared identifier
     1>d:\univercity\compiling\compilator\compilator\compilator\linkedlistfunctions.c(5): error C2065: 'list' : undeclared identifier
     1>d:\univercity\compiling\compilator\compilator\compilator\linkedlistfunctions.c(5): error C2059: syntax error : ')'
     1>d:\univercity\compiling\compilator\compilator\compilator\linkedlistfunctions.c(6): error C2065: 'list' : undeclared identifier
     1>d:\univercity\compiling\compilator\compilator\compilator\linkedlistfunctions.c(6): error C2223: left of '->size' must point to struct/union
     1>d:\univercity\compiling\compilator\compilator\compilator\linkedlistfunctions.c(7): error C2065: 'list' : undeclared identifier
     1>d:\univercity\compiling\compilator\compilator\compilator\linkedlistfunctions.c(7): warning C4047: 'return' : 'List *' differs in levels of indirection from 'int'
     1>d:\univercity\compiling\compilator\compilator\compilator\linkedlistfunctions.c(9): error C2143: syntax error : missing ')' before '*'
     1>d:\univercity\compiling\compilator\compilator\compilator\linkedlistfunctions.c(9): error C2143: syntax error : missing '{' before '*'
     1>d:\univercity\compiling\compilator\compilator\compilator\linkedlistfunctions.c(9): error C2059: syntax error : 'type'
     1>d:\univercity\compiling\compilator\compilator\compilator\linkedlistfunctions.c(9): error C2059: syntax error : ')'
     1>d:\univercity\compiling\compilator\compilator\compilator\linkedlistfunctions.c(27): error C2143: syntax error : missing ')' before '*'
     1>d:\univercity\compiling\compilator\compilator\compilator\linkedlistfunctions.c(27): error C2143: syntax error : missing '{' before '*'
     1>d:\univercity\compiling\compilator\compilator\compilator\linkedlistfunctions.c(27): error C2059: syntax error : ')'
     1>d:\univercity\compiling\compilator\compilator\compilator\linkedlistfunctions.c(28): error C2054: expected '(' to follow 'l'
     1>d:\univercity\compiling\compilator\compilator\compilator\linkedlistfunctions.c(31): error C2143: syntax error : missing ')' before '*'
     1>d:\univercity\compiling\compilator\compilator\compilator\linkedlistfunctions.c(31): error C2143: syntax error : missing '{' before '*'
     1>d:\univercity\compiling\compilator\compilator\compilator\linkedlistfunctions.c(31): error C2059: syntax error : ')'
     1>d:\univercity\compiling\compilator\compilator\compilator\linkedlistfunctions.c(32): error C2054: expected '(' to follow 'l'
         Generating Code...
     1>Done Building Project "D:\Univercity\Compiling\Compilator\Compilator\Compilator\Compilator.vcxproj" (Build target(s)) -- FAILED.

Build FAILED.

Time Elapsed 00:00:00.84
